<?xml version="1.0" encoding="UTF-8" ?>
<testsuite tests="20" failures="0" name="cs.ing.software.lab1.MainTest" time="0.014" errors="0" skipped="0">
  <properties>
    <property name="java.runtime.name" value="Java(TM) SE Runtime Environment"/>
    <property name="java.vm.version" value="16+36-2231"/>
    <property name="sun.boot.library.path" value="C:\Program Files\Java\jdk-16\bin"/>
    <property name="maven.multiModuleProjectDirectory" value="D:\Insync\UTEC\07 - 2021-2\Ingeniería de Software I\S01\MavenTest\MavenTest"/>
    <property name="java.vm.vendor" value="Oracle Corporation"/>
    <property name="java.vendor.url" value="https://java.oracle.com/"/>
    <property name="guice.disable.misplaced.annotation.check" value="true"/>
    <property name="path.separator" value=";"/>
    <property name="java.vm.name" value="Java HotSpot(TM) 64-Bit Server VM"/>
    <property name="sun.os.patch.level" value=""/>
    <property name="user.script" value=""/>
    <property name="user.country" value="PE"/>
    <property name="sun.java.launcher" value="SUN_STANDARD"/>
    <property name="java.vm.specification.name" value="Java Virtual Machine Specification"/>
    <property name="user.dir" value="D:\Insync\UTEC\07 - 2021-2\Ingeniería de Software I\S01\MavenTest\MavenTest"/>
    <property name="java.vm.compressedOopsMode" value="32-bit"/>
    <property name="java.runtime.version" value="16+36-2231"/>
    <property name="os.arch" value="amd64"/>
    <property name="java.io.tmpdir" value="C:\Users\Jorge\AppData\Local\Temp\"/>
    <property name="line.separator" value="
"/>
    <property name="java.vm.specification.vendor" value="Oracle Corporation"/>
    <property name="user.variant" value=""/>
    <property name="os.name" value="Windows 10"/>
    <property name="classworlds.conf" value="C:\Program Files\apache-maven-3.8.2\bin\m2.conf"/>
    <property name="sun.jnu.encoding" value="Cp1252"/>
    <property name="java.library.path" value="C:\Program Files\Java\jdk-16\bin;C:\WINDOWS\Sun\Java\bin;C:\WINDOWS\system32;C:\WINDOWS;C:\Python39\Scripts\;C:\Python39\;C:\Program Files\Common Files\Oracle\Java\javapath;C:\Windows\system32;C:\Windows;C:\Windows\System32\Wbem;C:\Windows\System32\WindowsPowerShell\v1.0\;C:\Windows\System32\OpenSSH\;C:\Program Files (x86)\NVIDIA Corporation\PhysX\Common;C:\Program Files\NVIDIA Corporation\NVIDIA NvDLISR;C:\Program Files\Git\cmd;C:\Program Files\dotnet\;C:\Program Files\Microsoft SQL Server\130\Tools\Binn\;C:\Program Files\Microsoft SQL Server\Client SDK\ODBC\170\Tools\Binn\;C:\WINDOWS\system32;C:\WINDOWS;C:\WINDOWS\System32\Wbem;C:\WINDOWS\System32\WindowsPowerShell\v1.0\;C:\WINDOWS\System32\OpenSSH\;C:\Program Files (x86)\Microsoft SQL Server\150\Tools\Binn\;C:\Program Files\Microsoft SQL Server\150\Tools\Binn\;C:\Program Files\Microsoft SQL Server\150\DTS\Binn\;C:\Program Files (x86)\Microsoft SQL Server\150\DTS\Binn\;C:\Program Files\Azure Data Studio\bin;C:\Program Files\nodejs\;C:\ProgramData\chocolatey\bin;C:\Users\Jorge\anaconda3\python.exe;C:\Program Files\MySQL\MySQL Shell 8.0\bin\;C:\cmake-3.20.0-windows-x86_64\bin;C:\MinGW\bin;C:\Users\Jorge\AppData\Local\Programs\Python\Python38-32\Scripts\;C:\Users\Jorge\AppData\Local\Programs\Python\Python38-32\;C:\w64devkit\bin;C:\Users\Jorge\AppData\Local\Microsoft\WindowsApps;C:\Users\Jorge\AppData\Local\Programs\Microsoft VS Code\bin;C:\Program Files\JetBrains\PyCharm 2020.2.1\bin;;C:\Program Files\JetBrains\CLion 2020.2.2\bin;;C:\Program Files\Azure Data Studio\bin;C:\iverilog\bin;C:\iverilog\gtkwave\bin;C:\gtkwave\bin;C:\Program Files\PostgreSQL\13\bin;C:\Program Files\MongoDB\Server\5.0\bin;C:\Users\Jorge\AppData\Roaming\npm;C:\Program Files\JetBrains\IntelliJ IDEA 2021.2.1\bin;;C:\Users\Jorge\.dotnet\tools;C:\Program Files\Java\jdk-16\bin;C:\Program Files\apache-maven-3.8.2\bin;;."/>
    <property name="maven.conf" value="C:\Program Files\apache-maven-3.8.2/conf"/>
    <property name="jdk.debug" value="release"/>
    <property name="java.class.version" value="60.0"/>
    <property name="java.specification.name" value="Java Platform API Specification"/>
    <property name="sun.management.compiler" value="HotSpot 64-Bit Tiered Compilers"/>
    <property name="os.version" value="10.0"/>
    <property name="user.home" value="C:\Users\Jorge"/>
    <property name="user.timezone" value="America/Lima"/>
    <property name="file.encoding" value="Cp1252"/>
    <property name="java.specification.version" value="16"/>
    <property name="user.name" value="Jorge"/>
    <property name="java.class.path" value="C:\Program Files\apache-maven-3.8.2\boot\plexus-classworlds-2.6.0.jar"/>
    <property name="java.vm.specification.version" value="16"/>
    <property name="sun.arch.data.model" value="64"/>
    <property name="sun.java.command" value="org.codehaus.plexus.classworlds.launcher.Launcher verify org.sonarsource.scanner.maven:sonar-maven-plugin:sonar"/>
    <property name="java.home" value="C:\Program Files\Java\jdk-16"/>
    <property name="user.language" value="es"/>
    <property name="java.specification.vendor" value="Oracle Corporation"/>
    <property name="java.vm.info" value="mixed mode, sharing"/>
    <property name="java.version" value="16"/>
    <property name="java.vendor" value="Oracle Corporation"/>
    <property name="sun.stderr.encoding" value="cp437"/>
    <property name="maven.home" value="C:\Program Files\apache-maven-3.8.2"/>
    <property name="file.separator" value="\"/>
    <property name="java.version.date" value="2021-03-16"/>
    <property name="java.vendor.url.bug" value="https://bugreport.java.com/bugreport/"/>
    <property name="sun.io.unicode.encoding" value="UnicodeLittle"/>
    <property name="sun.cpu.endian" value="little"/>
    <property name="sun.stdout.encoding" value="cp437"/>
    <property name="sun.cpu.isalist" value="amd64"/>
  </properties>
  <testcase classname="cs.ing.software.lab1.MainTest" name="test01" time="0.012"/>
  <testcase classname="cs.ing.software.lab1.MainTest" name="test02" time="0.001"/>
  <testcase classname="cs.ing.software.lab1.MainTest" name="test03" time="0"/>
  <testcase classname="cs.ing.software.lab1.MainTest" name="test04" time="0"/>
  <testcase classname="cs.ing.software.lab1.MainTest" name="test05" time="0"/>
  <testcase classname="cs.ing.software.lab1.MainTest" name="test06" time="0"/>
  <testcase classname="cs.ing.software.lab1.MainTest" name="test07" time="0"/>
  <testcase classname="cs.ing.software.lab1.MainTest" name="test08" time="0.001"/>
  <testcase classname="cs.ing.software.lab1.MainTest" name="test09" time="0"/>
  <testcase classname="cs.ing.software.lab1.MainTest" name="test10" time="0"/>
  <testcase classname="cs.ing.software.lab1.MainTest" name="test11" time="0"/>
  <testcase classname="cs.ing.software.lab1.MainTest" name="test12" time="0"/>
  <testcase classname="cs.ing.software.lab1.MainTest" name="test13" time="0"/>
  <testcase classname="cs.ing.software.lab1.MainTest" name="test14" time="0"/>
  <testcase classname="cs.ing.software.lab1.MainTest" name="test15" time="0"/>
  <testcase classname="cs.ing.software.lab1.MainTest" name="test16" time="0"/>
  <testcase classname="cs.ing.software.lab1.MainTest" name="test17" time="0"/>
  <testcase classname="cs.ing.software.lab1.MainTest" name="test18" time="0"/>
  <testcase classname="cs.ing.software.lab1.MainTest" name="test19" time="0"/>
  <testcase classname="cs.ing.software.lab1.MainTest" name="test20" time="0"/>
</testsuite>