<?xml version="1.0" encoding="UTF-8"?>
<!-- Generated by org.testng.reporters.JUnitReportReporter -->
<testsuite hostname="LAPTOP-7QKGEBBS" failures="0" tests="20" name="cs.ing.software.lab1.MainTest" time="0.014" errors="0" timestamp="2021-09-09T21:19:48 PET" skipped="0">
  <testcase classname="cs.ing.software.lab1.MainTest" name="test19" time="0.000"/>
  <system-out/>
  <testcase classname="cs.ing.software.lab1.MainTest" name="test18" time="0.000"/>
  <system-out/>
  <testcase classname="cs.ing.software.lab1.MainTest" name="test13" time="0.000"/>
  <system-out/>
  <testcase classname="cs.ing.software.lab1.MainTest" name="test04" time="0.001"/>
  <system-out/>
  <testcase classname="cs.ing.software.lab1.MainTest" name="test10" time="0.000"/>
  <system-out/>
  <testcase classname="cs.ing.software.lab1.MainTest" name="test06" time="0.001"/>
  <system-out/>
  <testcase classname="cs.ing.software.lab1.MainTest" name="test05" time="0.000"/>
  <system-out/>
  <testcase classname="cs.ing.software.lab1.MainTest" name="test07" time="0.000"/>
  <system-out/>
  <testcase classname="cs.ing.software.lab1.MainTest" name="test15" time="0.000"/>
  <system-out/>
  <testcase classname="cs.ing.software.lab1.MainTest" name="test02" time="0.001"/>
  <system-out/>
  <testcase classname="cs.ing.software.lab1.MainTest" name="test16" time="0.000"/>
  <system-out/>
  <testcase classname="cs.ing.software.lab1.MainTest" name="test03" time="0.000"/>
  <system-out/>
  <testcase classname="cs.ing.software.lab1.MainTest" name="test01" time="0.011"/>
  <system-out/>
  <testcase classname="cs.ing.software.lab1.MainTest" name="test12" time="0.000"/>
  <system-out/>
  <testcase classname="cs.ing.software.lab1.MainTest" name="test17" time="0.000"/>
  <system-out/>
  <testcase classname="cs.ing.software.lab1.MainTest" name="test20" time="0.000"/>
  <system-out/>
  <testcase classname="cs.ing.software.lab1.MainTest" name="test14" time="0.000"/>
  <system-out/>
  <testcase classname="cs.ing.software.lab1.MainTest" name="test09" time="0.000"/>
  <system-out/>
  <testcase classname="cs.ing.software.lab1.MainTest" name="test11" time="0.000"/>
  <system-out/>
  <testcase classname="cs.ing.software.lab1.MainTest" name="test08" time="0.000"/>
  <system-out/>
</testsuite> <!-- cs.ing.software.lab1.MainTest -->
